{"uuid":"a0b7ddee-e0f9-4f91-8731-3208ff82f483","historyId":"884733225f8eb8f768ad0a23ff60c6ae","fullName":"com.leadgain.testcase.CampaignDashboardTest.verifyCampaignIsPresent","labels":[{"name":"package","value":"com.leadgain.testcase.CampaignDashboardTest"},{"name":"testClass","value":"com.leadgain.testcase.CampaignDashboardTest"},{"name":"testMethod","value":"verifyCampaignIsPresent"},{"name":"parentSuite","value":"Suite"},{"name":"suite","value":"FirstTest"},{"name":"subSuite","value":"com.leadgain.testcase.CampaignDashboardTest"},{"name":"host","value":"kashmivm"},{"name":"thread","value":"2256@kashmivm.main(1)"},{"name":"story","value":"Check campaign is present"},{"name":"severity","value":"blocker"}],"links":[],"name":"Check Lead flow","status":"broken","statusDetails":{"known":false,"muted":false,"flaky":false,"message":"Expected condition failed: waiting for visibility of element located by By.xpath: //*[@id=\"spin\"]/div/div[1]/div[2]/div/div/div/p[2]/span (tried for 30 second(s) with 500 MILLISECONDS interval)","trace":"org.openqa.selenium.TimeoutException: Expected condition failed: waiting for visibility of element located by By.xpath: //*[@id=\"spin\"]/div/div[1]/div[2]/div/div/div/p[2]/span (tried for 30 second(s) with 500 MILLISECONDS interval)\r\n\tat org.openqa.selenium.support.ui.WebDriverWait.timeoutException(WebDriverWait.java:82)\r\n\tat org.openqa.selenium.support.ui.FluentWait.until(FluentWait.java:231)\r\n\tat com.leadgain.utility.AbstractPage.waitForElementVisible(AbstractPage.java:159)\r\n\tat com.leadgain.page.CampaignPageDashboard.verifyCampaignPageDashboard(CampaignPageDashboard.java:49)\r\n\tat com.leadgain.testcase.CampaignDashboardTest.verifyCampaignIsPresent(CampaignDashboardTest.java:37)\r\n\tat sun.reflect.NativeMethodAccessorImpl.invoke0(Native Method)\r\n\tat sun.reflect.NativeMethodAccessorImpl.invoke(NativeMethodAccessorImpl.java:62)\r\n\tat sun.reflect.DelegatingMethodAccessorImpl.invoke(DelegatingMethodAccessorImpl.java:43)\r\n\tat java.lang.reflect.Method.invoke(Method.java:498)\r\n\tat org.testng.internal.MethodInvocationHelper.invokeMethod(MethodInvocationHelper.java:124)\r\n\tat org.testng.internal.MethodInvocationHelper$1.runTestMethod(MethodInvocationHelper.java:230)\r\n\tat org.springframework.test.context.testng.AbstractTestNGSpringContextTests.run(AbstractTestNGSpringContextTests.java:180)\r\n\tat org.testng.internal.MethodInvocationHelper.invokeHookable(MethodInvocationHelper.java:242)\r\n\tat org.testng.internal.Invoker.invokeMethod(Invoker.java:579)\r\n\tat org.testng.internal.Invoker.invokeTestMethod(Invoker.java:719)\r\n\tat org.testng.internal.Invoker.invokeTestMethods(Invoker.java:989)\r\n\tat org.testng.internal.TestMethodWorker.invokeTestMethods(TestMethodWorker.java:125)\r\n\tat org.testng.internal.TestMethodWorker.run(TestMethodWorker.java:109)\r\n\tat org.testng.TestRunner.privateRun(TestRunner.java:648)\r\n\tat org.testng.TestRunner.run(TestRunner.java:505)\r\n\tat org.testng.SuiteRunner.runTest(SuiteRunner.java:455)\r\n\tat org.testng.SuiteRunner.runSequentially(SuiteRunner.java:450)\r\n\tat org.testng.SuiteRunner.privateRun(SuiteRunner.java:415)\r\n\tat org.testng.SuiteRunner.run(SuiteRunner.java:364)\r\n\tat org.testng.SuiteRunnerWorker.runSuite(SuiteRunnerWorker.java:52)\r\n\tat org.testng.SuiteRunnerWorker.run(SuiteRunnerWorker.java:84)\r\n\tat org.testng.TestNG.runSuitesSequentially(TestNG.java:1208)\r\n\tat org.testng.TestNG.runSuitesLocally(TestNG.java:1137)\r\n\tat org.testng.TestNG.runSuites(TestNG.java:1049)\r\n\tat org.testng.TestNG.run(TestNG.java:1017)\r\n\tat org.apache.maven.surefire.testng.TestNGExecutor.run(TestNGExecutor.java:283)\r\n\tat org.apache.maven.surefire.testng.TestNGXmlTestSuite.execute(TestNGXmlTestSuite.java:75)\r\n\tat org.apache.maven.surefire.testng.TestNGProvider.invoke(TestNGProvider.java:120)\r\n\tat org.apache.maven.surefire.booter.ForkedBooter.invokeProviderInSameClassLoader(ForkedBooter.java:379)\r\n\tat org.apache.maven.surefire.booter.ForkedBooter.runSuitesInProcess(ForkedBooter.java:340)\r\n\tat org.apache.maven.surefire.booter.ForkedBooter.execute(ForkedBooter.java:125)\r\n\tat org.apache.maven.surefire.booter.ForkedBooter.main(ForkedBooter.java:413)\r\nCaused by: org.openqa.selenium.NoSuchElementException: Cannot locate an element using By.xpath: //*[@id=\"spin\"]/div/div[1]/div[2]/div/div/div/p[2]/span\nFor documentation on this error, please visit: http://seleniumhq.org/exceptions/no_such_element.html\nBuild info: version: '3.9.1', revision: '63f7b50', time: '2018-02-07T22:25:02.294Z'\nSystem info: host: 'KASHMIVM', ip: '10.142.0.3', os.name: 'Windows Server 2008 R2', os.arch: 'amd64', os.version: '6.1', java.version: '1.8.0_181'\nDriver info: driver.version: unknown\r\n\tat org.openqa.selenium.support.ui.ExpectedConditions.lambda$findElement$0(ExpectedConditions.java:896)\r\n\tat java.util.Optional.orElseThrow(Optional.java:290)\r\n\tat org.openqa.selenium.support.ui.ExpectedConditions.findElement(ExpectedConditions.java:895)\r\n\tat org.openqa.selenium.support.ui.ExpectedConditions.access$000(ExpectedConditions.java:44)\r\n\tat org.openqa.selenium.support.ui.ExpectedConditions$7.apply(ExpectedConditions.java:206)\r\n\tat org.openqa.selenium.support.ui.ExpectedConditions$7.apply(ExpectedConditions.java:202)\r\n\tat org.openqa.selenium.support.ui.FluentWait.until(FluentWait.java:208)\r\n\t... 35 more\r\n"},"stage":"finished","description":"Test Description: Check campaign is present and click on dashboard of that campaign","start":1541144409755,"stop":1541144445207,"steps":[{"name":"Open url ...","status":"passed","stage":"finished","start":1541144409755,"stop":1541144410033,"parameters":[{"name":"url","value":"https://www.demandmatrix.com/leadgaindev/"}]}],"attachments":[{"name":"Page screenshot","source":"4450b837-a0ab-4244-ae4a-9fe5fd86e0c4-attachment","type":"image/png"},{"name":"{0}","source":"786f8552-cec3-49e6-9210-f147f4890521-attachment","type":"text/plain"}],"parameters":[{"name":"method","value":"public void com.leadgain.testcase.CampaignDashboardTest.verifyCampaignIsPresent(java.lang.reflect.Method) throws java.lang.InterruptedException"}]}